<?xml version="1.0" encoding="UTF-8"?>
<!-- Generated by org.testng.reporters.JUnitXMLReporter -->
<testsuite hostname="USTEXAUS609808" name="Default test" tests="4" failures="0" timestamp="30 Jan 2020 04:48:19 GMT" time="2.361" errors="0">
  <testcase name="getAllListSuccess" time="2.191" classname="com.flags.FlagFickerRestAPITest"/>
  <testcase name="getContinentListSuccess" time="0.059" classname="com.flags.FlagFickerRestAPITest"/>
  <testcase name="getCountriesListSuccess" time="0.055" classname="com.flags.FlagFickerRestAPITest"/>
  <testcase name="getFlagListSuccess" time="0.035" classname="com.flags.FlagFickerRestAPITest"/>
</testsuite> <!-- Default test -->
